Candidate languages are: ['datasets/sa/hin.txt', 'datasets/sa/nld.txt', 'datasets/sa/ces.txt', 'datasets/sa/kor.txt', 'datasets/sa/zho.txt', 'datasets/sa/tam.txt', 'datasets/sa/tur.txt', 'datasets/sa/fas.txt', 'datasets/sa/jpn.txt', 'datasets/sa/pol.txt', 'datasets/sa/rus.txt', 'datasets/sa/spa.txt', 'datasets/sa/eng.txt', 'datasets/sa/fra.txt', 'datasets/sa/deu.txt']
Loading model... /home/hwijeen/langrank/pretrained/SA/nogeo/lgbm_model_sa_ara.txt
********************************************************************************
Prediction for lang ara with nogeo features
Prediction is [13.  9.  6. 11. 12.  7. 14.  4.  1.  5.  2. 15.  8.  3. 10.]
Gold is [8, 12, 3, 14, 11, 13, 10, 9, 4, 2, 7, 1, 15, 5, 6]
ndcg is 0.7463078239741027
********************************************************************************

Candidate languages are: ['datasets/sa/hin.txt', 'datasets/sa/nld.txt', 'datasets/sa/ara.txt', 'datasets/sa/kor.txt', 'datasets/sa/zho.txt', 'datasets/sa/tam.txt', 'datasets/sa/tur.txt', 'datasets/sa/fas.txt', 'datasets/sa/jpn.txt', 'datasets/sa/pol.txt', 'datasets/sa/rus.txt', 'datasets/sa/spa.txt', 'datasets/sa/eng.txt', 'datasets/sa/fra.txt', 'datasets/sa/deu.txt']
Loading model... /home/hwijeen/langrank/pretrained/SA/nogeo/lgbm_model_sa_ces.txt
********************************************************************************
Prediction for lang ces with nogeo features
Prediction is [ 3. 13. 15.  5.  4.  9. 11.  7.  1. 10.  2. 14. 12.  8.  6.]
Gold is [3, 7, 6, 15, 11, 10, 9, 12, 5, 1, 8, 4, 14, 13, 2]
ndcg is 0.7239360839633121
********************************************************************************

Candidate languages are: ['datasets/sa/hin.txt', 'datasets/sa/nld.txt', 'datasets/sa/ces.txt', 'datasets/sa/ara.txt', 'datasets/sa/kor.txt', 'datasets/sa/zho.txt', 'datasets/sa/tam.txt', 'datasets/sa/tur.txt', 'datasets/sa/fas.txt', 'datasets/sa/jpn.txt', 'datasets/sa/pol.txt', 'datasets/sa/rus.txt', 'datasets/sa/spa.txt', 'datasets/sa/eng.txt', 'datasets/sa/fra.txt']
Loading model... /home/hwijeen/langrank/pretrained/SA/nogeo/lgbm_model_sa_deu.txt
********************************************************************************
Prediction for lang deu with nogeo features
Prediction is [ 1. 10. 14. 12. 11.  9. 15.  7.  2.  8.  3. 13.  6.  4.  5.]
Gold is [6, 3, 12, 10, 4, 7, 8, 9, 13, 1, 11, 2, 14, 15, 5]
ndcg is 0.4347855389444287
********************************************************************************

Candidate languages are: ['datasets/sa/hin.txt', 'datasets/sa/nld.txt', 'datasets/sa/ces.txt', 'datasets/sa/ara.txt', 'datasets/sa/kor.txt', 'datasets/sa/zho.txt', 'datasets/sa/tam.txt', 'datasets/sa/tur.txt', 'datasets/sa/fas.txt', 'datasets/sa/jpn.txt', 'datasets/sa/pol.txt', 'datasets/sa/rus.txt', 'datasets/sa/spa.txt', 'datasets/sa/fra.txt', 'datasets/sa/deu.txt']
Loading model... /home/hwijeen/langrank/pretrained/SA/nogeo/lgbm_model_sa_eng.txt
********************************************************************************
Prediction for lang eng with nogeo features
Prediction is [ 3.  9.  6. 12.  5. 11. 15.  7.  1.  8.  2. 13. 14. 10.  4.]
Gold is [1, 9, 11, 14, 10, 8, 12, 13, 4, 2, 6, 5, 15, 7, 3]
ndcg is 0.8395963019708654
********************************************************************************

Candidate languages are: ['datasets/sa/hin.txt', 'datasets/sa/nld.txt', 'datasets/sa/ces.txt', 'datasets/sa/ara.txt', 'datasets/sa/kor.txt', 'datasets/sa/zho.txt', 'datasets/sa/tam.txt', 'datasets/sa/tur.txt', 'datasets/sa/jpn.txt', 'datasets/sa/pol.txt', 'datasets/sa/rus.txt', 'datasets/sa/spa.txt', 'datasets/sa/eng.txt', 'datasets/sa/fra.txt', 'datasets/sa/deu.txt']
Loading model... /home/hwijeen/langrank/pretrained/SA/nogeo/lgbm_model_sa_fas.txt
********************************************************************************
Prediction for lang fas with nogeo features
Prediction is [14.  9. 11.  7. 10.  3. 15.  6.  1.  5.  2. 13. 12.  4.  8.]
Gold is [2, 12, 13, 6, 10, 5, 8, 11, 7, 1, 4, 3, 15, 14, 9]
ndcg is 0.7070479370275158
********************************************************************************

Candidate languages are: ['datasets/sa/hin.txt', 'datasets/sa/nld.txt', 'datasets/sa/ces.txt', 'datasets/sa/ara.txt', 'datasets/sa/kor.txt', 'datasets/sa/zho.txt', 'datasets/sa/tam.txt', 'datasets/sa/tur.txt', 'datasets/sa/fas.txt', 'datasets/sa/jpn.txt', 'datasets/sa/pol.txt', 'datasets/sa/rus.txt', 'datasets/sa/spa.txt', 'datasets/sa/eng.txt', 'datasets/sa/deu.txt']
Loading model... /home/hwijeen/langrank/pretrained/SA/nogeo/lgbm_model_sa_fra.txt
********************************************************************************
Prediction for lang fra with nogeo features
Prediction is [ 4.  8. 12.  1. 15.  9. 14.  7.  2. 11.  3. 10. 13.  5.  6.]
Gold is [8, 7, 2, 13, 11, 6, 3, 9, 10, 1, 12, 4, 14, 15, 5]
ndcg is 0.23596299152940425
********************************************************************************

Candidate languages are: ['datasets/sa/nld.txt', 'datasets/sa/ces.txt', 'datasets/sa/ara.txt', 'datasets/sa/kor.txt', 'datasets/sa/zho.txt', 'datasets/sa/tam.txt', 'datasets/sa/tur.txt', 'datasets/sa/fas.txt', 'datasets/sa/jpn.txt', 'datasets/sa/pol.txt', 'datasets/sa/rus.txt', 'datasets/sa/spa.txt', 'datasets/sa/eng.txt', 'datasets/sa/fra.txt', 'datasets/sa/deu.txt']
Loading model... /home/hwijeen/langrank/pretrained/SA/nogeo/lgbm_model_sa_hin.txt
********************************************************************************
Prediction for lang hin with nogeo features
Prediction is [ 3. 12.  7.  6. 14.  4. 11.  8.  1.  5.  2. 15. 13.  9. 10.]
Gold is [5, 15, 11, 1, 13, 12, 7, 10, 4, 3, 8, 2, 14, 9, 6]
ndcg is 0.7239360839633121
********************************************************************************

Candidate languages are: ['datasets/sa/hin.txt', 'datasets/sa/nld.txt', 'datasets/sa/ces.txt', 'datasets/sa/ara.txt', 'datasets/sa/kor.txt', 'datasets/sa/zho.txt', 'datasets/sa/tam.txt', 'datasets/sa/tur.txt', 'datasets/sa/fas.txt', 'datasets/sa/pol.txt', 'datasets/sa/rus.txt', 'datasets/sa/spa.txt', 'datasets/sa/eng.txt', 'datasets/sa/fra.txt', 'datasets/sa/deu.txt']
Loading model... /home/hwijeen/langrank/pretrained/SA/nogeo/lgbm_model_sa_jpn.txt
********************************************************************************
Prediction for lang jpn with nogeo features
Prediction is [ 3.  9. 10.  8. 14. 13.  7.  6.  1. 12.  4. 15. 11.  2.  5.]
Gold is [2, 11, 5, 14, 9, 4, 6, 7, 10, 1, 13, 3, 12, 15, 8]
ndcg is 0.4077712434193406
********************************************************************************

Candidate languages are: ['datasets/sa/hin.txt', 'datasets/sa/nld.txt', 'datasets/sa/ces.txt', 'datasets/sa/ara.txt', 'datasets/sa/zho.txt', 'datasets/sa/tam.txt', 'datasets/sa/tur.txt', 'datasets/sa/fas.txt', 'datasets/sa/jpn.txt', 'datasets/sa/pol.txt', 'datasets/sa/rus.txt', 'datasets/sa/spa.txt', 'datasets/sa/eng.txt', 'datasets/sa/fra.txt', 'datasets/sa/deu.txt']
Loading model... /home/hwijeen/langrank/pretrained/SA/nogeo/lgbm_model_sa_kor.txt
********************************************************************************
Prediction for lang kor with nogeo features
Prediction is [ 3. 11. 13.  6. 14. 12.  8.  9.  1. 10.  2. 15.  7.  4.  5.]
Gold is [3, 8, 10, 9, 15, 12, 6, 4, 7, 1, 11, 5, 13, 14, 2]
ndcg is 0.5859041259449682
********************************************************************************

Candidate languages are: ['datasets/sa/hin.txt', 'datasets/sa/ces.txt', 'datasets/sa/ara.txt', 'datasets/sa/kor.txt', 'datasets/sa/zho.txt', 'datasets/sa/tam.txt', 'datasets/sa/tur.txt', 'datasets/sa/fas.txt', 'datasets/sa/jpn.txt', 'datasets/sa/pol.txt', 'datasets/sa/rus.txt', 'datasets/sa/spa.txt', 'datasets/sa/eng.txt', 'datasets/sa/fra.txt', 'datasets/sa/deu.txt']
Loading model... /home/hwijeen/langrank/pretrained/SA/nogeo/lgbm_model_sa_nld.txt
********************************************************************************
Prediction for lang nld with nogeo features
Prediction is [ 2.  6. 11.  3. 15. 13.  9. 10. 14.  7.  1. 12.  8.  5.  4.]
Gold is [4, 7, 9, 5, 14, 12, 8, 13, 11, 1, 6, 3, 15, 10, 2]
ndcg is 0.7425063060205019
********************************************************************************

Candidate languages are: ['datasets/sa/hin.txt', 'datasets/sa/nld.txt', 'datasets/sa/ces.txt', 'datasets/sa/ara.txt', 'datasets/sa/kor.txt', 'datasets/sa/zho.txt', 'datasets/sa/tam.txt', 'datasets/sa/tur.txt', 'datasets/sa/fas.txt', 'datasets/sa/jpn.txt', 'datasets/sa/rus.txt', 'datasets/sa/spa.txt', 'datasets/sa/eng.txt', 'datasets/sa/fra.txt', 'datasets/sa/deu.txt']
Loading model... /home/hwijeen/langrank/pretrained/SA/nogeo/lgbm_model_sa_pol.txt
********************************************************************************
Prediction for lang pol with nogeo features
Prediction is [ 1. 11. 12.  4. 14. 13.  5.  6.  9.  8.  3. 10. 15.  7.  2.]
Gold is [2, 7, 13, 5, 15, 11, 9, 10, 12, 4, 6, 1, 14, 8, 3]
ndcg is 0.8889823375067439
********************************************************************************

Candidate languages are: ['datasets/sa/hin.txt', 'datasets/sa/nld.txt', 'datasets/sa/ces.txt', 'datasets/sa/ara.txt', 'datasets/sa/kor.txt', 'datasets/sa/zho.txt', 'datasets/sa/tam.txt', 'datasets/sa/tur.txt', 'datasets/sa/fas.txt', 'datasets/sa/jpn.txt', 'datasets/sa/pol.txt', 'datasets/sa/spa.txt', 'datasets/sa/eng.txt', 'datasets/sa/fra.txt', 'datasets/sa/deu.txt']
Loading model... /home/hwijeen/langrank/pretrained/SA/nogeo/lgbm_model_sa_rus.txt
********************************************************************************
Prediction for lang rus with nogeo features
Prediction is [ 3. 12. 13.  2. 15. 14. 10.  9.  8.  6.  1.  5. 11.  7.  4.]
Gold is [2, 13, 8, 4, 10, 11, 6, 9, 12, 7, 1, 3, 15, 14, 5]
ndcg is 0.9729857044749118
********************************************************************************

Candidate languages are: ['datasets/sa/hin.txt', 'datasets/sa/nld.txt', 'datasets/sa/ces.txt', 'datasets/sa/ara.txt', 'datasets/sa/kor.txt', 'datasets/sa/zho.txt', 'datasets/sa/tam.txt', 'datasets/sa/tur.txt', 'datasets/sa/fas.txt', 'datasets/sa/jpn.txt', 'datasets/sa/pol.txt', 'datasets/sa/rus.txt', 'datasets/sa/eng.txt', 'datasets/sa/fra.txt', 'datasets/sa/deu.txt']
Loading model... /home/hwijeen/langrank/pretrained/SA/nogeo/lgbm_model_sa_spa.txt
********************************************************************************
Prediction for lang spa with nogeo features
Prediction is [ 1.  8. 11.  3. 12. 13. 10. 14. 15.  5.  2.  9.  4.  6.  7.]
Gold is [3, 6, 14, 2, 13, 8, 12, 11, 9, 5, 1, 7, 15, 10, 4]
ndcg is 0.9691841865213112
********************************************************************************

Candidate languages are: ['datasets/sa/hin.txt', 'datasets/sa/nld.txt', 'datasets/sa/ces.txt', 'datasets/sa/ara.txt', 'datasets/sa/kor.txt', 'datasets/sa/zho.txt', 'datasets/sa/tur.txt', 'datasets/sa/fas.txt', 'datasets/sa/jpn.txt', 'datasets/sa/pol.txt', 'datasets/sa/rus.txt', 'datasets/sa/spa.txt', 'datasets/sa/eng.txt', 'datasets/sa/fra.txt', 'datasets/sa/deu.txt']
Loading model... /home/hwijeen/langrank/pretrained/SA/nogeo/lgbm_model_sa_tam.txt
********************************************************************************
Prediction for lang tam with nogeo features
Prediction is [ 4. 10. 14.  3. 15. 11.  9. 12. 13.  8.  1.  5.  2.  6.  7.]
Gold is [4, 3, 12, 6, 8, 13, 14, 15, 11, 2, 5, 10, 7, 1, 9]
ndcg is 0.6931202704846234
********************************************************************************

Candidate languages are: ['datasets/sa/hin.txt', 'datasets/sa/nld.txt', 'datasets/sa/ces.txt', 'datasets/sa/ara.txt', 'datasets/sa/kor.txt', 'datasets/sa/zho.txt', 'datasets/sa/tam.txt', 'datasets/sa/fas.txt', 'datasets/sa/jpn.txt', 'datasets/sa/pol.txt', 'datasets/sa/rus.txt', 'datasets/sa/spa.txt', 'datasets/sa/eng.txt', 'datasets/sa/fra.txt', 'datasets/sa/deu.txt']
Loading model... /home/hwijeen/langrank/pretrained/SA/nogeo/lgbm_model_sa_tur.txt
********************************************************************************
Prediction for lang tur with nogeo features
Prediction is [ 5. 10. 11.  3. 13. 12.  7.  6. 14.  8.  1.  9.  2. 15.  4.]
Gold is [5, 12, 13, 3, 14, 10, 7, 9, 11, 8, 1, 6, 2, 15, 4]
ndcg is 0.9999999999999999
********************************************************************************

Candidate languages are: ['datasets/sa/hin.txt', 'datasets/sa/nld.txt', 'datasets/sa/ces.txt', 'datasets/sa/ara.txt', 'datasets/sa/kor.txt', 'datasets/sa/tam.txt', 'datasets/sa/tur.txt', 'datasets/sa/fas.txt', 'datasets/sa/jpn.txt', 'datasets/sa/pol.txt', 'datasets/sa/rus.txt', 'datasets/sa/spa.txt', 'datasets/sa/eng.txt', 'datasets/sa/fra.txt', 'datasets/sa/deu.txt']
Loading model... /home/hwijeen/langrank/pretrained/SA/nogeo/lgbm_model_sa_zho.txt
********************************************************************************
Prediction for lang zho with nogeo features
Prediction is [ 3.  9. 12.  4. 14. 13.  7. 10. 11.  5.  2.  6.  1. 15.  8.]
Gold is [7, 10, 12, 8, 14, 9, 5, 4, 11, 6, 1, 3, 2, 15, 13]
ndcg is 0.915996633031832
********************************************************************************

Averaged result
Base: 0.0, Nogeo: 0.7242514730485734, Pos: 0.0, Emot: 0.0, MWE: 0.0, Syn_only: 0.0, Cult_only: 0.0 All: 0.0

ara 0.7463078239741027	
ces 0.7239360839633121	
deu 0.4347855389444287	
eng 0.8395963019708654	
fas 0.7070479370275158	
fra 0.23596299152940425	
hin 0.7239360839633121	
jpn 0.4077712434193406	
kor 0.5859041259449682	
nld 0.7425063060205019	
pol 0.8889823375067439	
rus 0.9729857044749118	
spa 0.9691841865213112	
tam 0.6931202704846234	
tur 0.9999999999999999	
zho 0.915996633031832	
